{"contracts\\Generator\\NFTBlindBoxGenerator.sol":{"l":{"28":6,"29":6,"30":6,"31":6,"32":6,"37":1,"38":1,"39":30,"40":30,"41":30,"42":30,"48":3,"49":1,"53":2,"54":2,"55":2,"56":1,"57":1,"58":1,"60":1,"61":1,"62":10,"63":10,"64":10,"65":10,"71":1,"72":1,"75":1,"77":1,"78":0,"81":1,"82":0,"87":2,"92":2,"93":1,"94":1,"95":1,"97":1,"109":8},"path":"C:\\Users\\jordenyang\\Desktop\\NoobFriendlyToken\\contracts\\Generator\\NFTBlindBoxGenerator.sol","s":{"1":6,"2":6,"3":6,"4":6,"5":6,"6":1,"7":1,"8":30,"9":30,"10":30,"11":30,"12":3,"13":1,"14":2,"15":2,"16":2,"17":1,"18":1,"19":1,"20":1,"21":1,"22":10,"23":10,"24":10,"25":10,"26":1,"27":1,"28":1,"29":1,"30":0,"31":1,"32":0,"33":2,"34":2,"35":1,"36":1,"37":1,"38":1,"39":8},"b":{"1":[30,0],"2":[1,2],"3":[2,0],"4":[1,1],"5":[1,0],"6":[1,0],"7":[1,0],"8":[10,0],"9":[1,0],"10":[1,0],"11":[0,1],"12":[0,1],"13":[2,0],"14":[1,1]},"f":{"1":8,"2":6,"3":1,"4":3,"5":2,"6":1,"7":2,"8":3,"9":8},"fnMap":{"1":{"name":"constructor","line":20,"loc":{"start":{"line":17,"column":4},"end":{"line":21,"column":4}}},"2":{"name":"initialize","line":27,"loc":{"start":{"line":23,"column":4},"end":{"line":33,"column":4}}},"3":{"name":"reserveNFT","line":35,"loc":{"start":{"line":35,"column":4},"end":{"line":45,"column":4}}},"4":{"name":"setRevealTimestamp","line":47,"loc":{"start":{"line":47,"column":4},"end":{"line":50,"column":4}}},"5":{"name":"mintToken","line":52,"loc":{"start":{"line":52,"column":4},"end":{"line":68,"column":4}}},"6":{"name":"setStartingIndex","line":70,"loc":{"start":{"line":70,"column":4},"end":{"line":84,"column":4}}},"7":{"name":"tokenURI","line":86,"loc":{"start":{"line":86,"column":4},"end":{"line":98,"column":4}}},"8":{"name":"constructor","line":104,"loc":{"start":{"line":103,"column":4},"end":{"line":105,"column":5}}},"9":{"name":"_createContract","line":107,"loc":{"start":{"line":107,"column":4},"end":{"line":110,"column":4}}}},"statementMap":{"1":{"start":{"line":28,"column":8},"end":{"line":28,"column":33}},"2":{"start":{"line":29,"column":8},"end":{"line":29,"column":31}},"3":{"start":{"line":30,"column":8},"end":{"line":30,"column":29}},"4":{"start":{"line":31,"column":8},"end":{"line":31,"column":49}},"5":{"start":{"line":32,"column":8},"end":{"line":32,"column":25}},"6":{"start":{"line":37,"column":8},"end":{"line":37,"column":35}},"7":{"start":{"line":38,"column":8},"end":{"line":38,"column":1226}},"8":{"start":{"line":39,"column":12},"end":{"line":39,"column":1275}},"9":{"start":{"line":40,"column":16},"end":{"line":40,"column":36}},"10":{"start":{"line":41,"column":16},"end":{"line":41,"column":48}},"11":{"start":{"line":42,"column":16},"end":{"line":42,"column":51}},"12":{"start":{"line":48,"column":8},"end":{"line":48,"column":90}},"13":{"start":{"line":49,"column":8},"end":{"line":49,"column":41}},"14":{"start":{"line":53,"column":8},"end":{"line":53,"column":48}},"15":{"start":{"line":54,"column":8},"end":{"line":54,"column":76}},"16":{"start":{"line":55,"column":8},"end":{"line":55,"column":48}},"17":{"start":{"line":56,"column":8},"end":{"line":56,"column":82}},"18":{"start":{"line":57,"column":8},"end":{"line":57,"column":106}},"19":{"start":{"line":58,"column":8},"end":{"line":58,"column":94}},"20":{"start":{"line":60,"column":8},"end":{"line":60,"column":35}},"21":{"start":{"line":61,"column":8},"end":{"line":61,"column":2297}},"22":{"start":{"line":62,"column":12},"end":{"line":62,"column":2357}},"23":{"start":{"line":63,"column":16},"end":{"line":63,"column":36}},"24":{"start":{"line":64,"column":16},"end":{"line":64,"column":46}},"25":{"start":{"line":65,"column":16},"end":{"line":65,"column":51}},"26":{"start":{"line":71,"column":8},"end":{"line":71,"column":67}},"27":{"start":{"line":72,"column":8},"end":{"line":72,"column":2694}},"28":{"start":{"line":75,"column":8},"end":{"line":75,"column":70}},"29":{"start":{"line":77,"column":8},"end":{"line":77,"column":2986}},"30":{"start":{"line":78,"column":12},"end":{"line":78,"column":72}},"31":{"start":{"line":81,"column":8},"end":{"line":81,"column":3169}},"32":{"start":{"line":82,"column":12},"end":{"line":82,"column":47}},"33":{"start":{"line":87,"column":8},"end":{"line":87,"column":3359}},"34":{"start":{"line":92,"column":8},"end":{"line":92,"column":3494}},"35":{"start":{"line":93,"column":12},"end":{"line":93,"column":67}},"36":{"start":{"line":94,"column":12},"end":{"line":94,"column":53}},"37":{"start":{"line":95,"column":12},"end":{"line":95,"column":75}},"38":{"start":{"line":97,"column":8},"end":{"line":97,"column":68}},"39":{"start":{"line":109,"column":8},"end":{"line":109,"column":53}}},"branchMap":{"1":{"line":39,"type":"if","locations":[{"start":{"line":39,"column":12},"end":{"line":39,"column":12}},{"start":{"line":39,"column":12},"end":{"line":39,"column":12}}]},"2":{"line":48,"type":"if","locations":[{"start":{"line":48,"column":8},"end":{"line":48,"column":8}},{"start":{"line":48,"column":8},"end":{"line":48,"column":8}}]},"3":{"line":53,"type":"if","locations":[{"start":{"line":53,"column":8},"end":{"line":53,"column":8}},{"start":{"line":53,"column":8},"end":{"line":53,"column":8}}]},"4":{"line":55,"type":"if","locations":[{"start":{"line":55,"column":8},"end":{"line":55,"column":8}},{"start":{"line":55,"column":8},"end":{"line":55,"column":8}}]},"5":{"line":56,"type":"if","locations":[{"start":{"line":56,"column":8},"end":{"line":56,"column":8}},{"start":{"line":56,"column":8},"end":{"line":56,"column":8}}]},"6":{"line":57,"type":"if","locations":[{"start":{"line":57,"column":8},"end":{"line":57,"column":8}},{"start":{"line":57,"column":8},"end":{"line":57,"column":8}}]},"7":{"line":58,"type":"if","locations":[{"start":{"line":58,"column":8},"end":{"line":58,"column":8}},{"start":{"line":58,"column":8},"end":{"line":58,"column":8}}]},"8":{"line":62,"type":"if","locations":[{"start":{"line":62,"column":12},"end":{"line":62,"column":12}},{"start":{"line":62,"column":12},"end":{"line":62,"column":12}}]},"9":{"line":71,"type":"if","locations":[{"start":{"line":71,"column":8},"end":{"line":71,"column":8}},{"start":{"line":71,"column":8},"end":{"line":71,"column":8}}]},"10":{"line":72,"type":"if","locations":[{"start":{"line":72,"column":8},"end":{"line":72,"column":8}},{"start":{"line":72,"column":8},"end":{"line":72,"column":8}}]},"11":{"line":77,"type":"if","locations":[{"start":{"line":77,"column":8},"end":{"line":77,"column":8}},{"start":{"line":77,"column":8},"end":{"line":77,"column":8}}]},"12":{"line":81,"type":"if","locations":[{"start":{"line":81,"column":8},"end":{"line":81,"column":8}},{"start":{"line":81,"column":8},"end":{"line":81,"column":8}}]},"13":{"line":87,"type":"if","locations":[{"start":{"line":87,"column":8},"end":{"line":87,"column":8}},{"start":{"line":87,"column":8},"end":{"line":87,"column":8}}]},"14":{"line":92,"type":"if","locations":[{"start":{"line":92,"column":8},"end":{"line":92,"column":8}},{"start":{"line":92,"column":8},"end":{"line":92,"column":8}}]}}},"contracts\\Generator\\NFTGalleryGenerator.sol":{"l":{"22":7,"23":7,"27":6,"32":5,"33":13,"34":13,"35":12,"39":11,"44":2,"49":1,"61":8},"path":"C:\\Users\\jordenyang\\Desktop\\NoobFriendlyToken\\contracts\\Generator\\NFTGalleryGenerator.sol","s":{"1":7,"2":7,"3":6,"4":5,"5":13,"6":13,"7":12,"8":11,"9":2,"10":1,"11":8},"b":{"1":[5,1],"2":[12,1],"3":[11,1],"4":[1,1]},"f":{"1":8,"2":7,"3":6,"4":2,"5":3,"6":8},"fnMap":{"1":{"name":"constructor","line":15,"loc":{"start":{"line":12,"column":4},"end":{"line":16,"column":5}}},"2":{"name":"initialize","line":21,"loc":{"start":{"line":18,"column":4},"end":{"line":24,"column":4}}},"3":{"name":"mintToken","line":26,"loc":{"start":{"line":26,"column":4},"end":{"line":41,"column":4}}},"4":{"name":"tokenURI","line":43,"loc":{"start":{"line":43,"column":4},"end":{"line":50,"column":4}}},"5":{"name":"constructor","line":56,"loc":{"start":{"line":55,"column":4},"end":{"line":57,"column":5}}},"6":{"name":"_createContract","line":59,"loc":{"start":{"line":59,"column":4},"end":{"line":62,"column":4}}}},"statementMap":{"1":{"start":{"line":22,"column":8},"end":{"line":22,"column":31}},"2":{"start":{"line":23,"column":8},"end":{"line":23,"column":25}},"3":{"start":{"line":27,"column":8},"end":{"line":27,"column":810}},"4":{"start":{"line":32,"column":8},"end":{"line":32,"column":946}},"5":{"start":{"line":33,"column":12},"end":{"line":33,"column":41}},"6":{"start":{"line":34,"column":12},"end":{"line":34,"column":65}},"7":{"start":{"line":35,"column":12},"end":{"line":35,"column":1124}},"8":{"start":{"line":39,"column":12},"end":{"line":39,"column":41}},"9":{"start":{"line":44,"column":8},"end":{"line":44,"column":1393}},"10":{"start":{"line":49,"column":8},"end":{"line":49,"column":68}},"11":{"start":{"line":61,"column":8},"end":{"line":61,"column":52}}},"branchMap":{"1":{"line":27,"type":"if","locations":[{"start":{"line":27,"column":8},"end":{"line":27,"column":8}},{"start":{"line":27,"column":8},"end":{"line":27,"column":8}}]},"2":{"line":34,"type":"if","locations":[{"start":{"line":34,"column":12},"end":{"line":34,"column":12}},{"start":{"line":34,"column":12},"end":{"line":34,"column":12}}]},"3":{"line":35,"type":"if","locations":[{"start":{"line":35,"column":12},"end":{"line":35,"column":12}},{"start":{"line":35,"column":12},"end":{"line":35,"column":12}}]},"4":{"line":44,"type":"if","locations":[{"start":{"line":44,"column":8},"end":{"line":44,"column":8}},{"start":{"line":44,"column":8},"end":{"line":44,"column":8}}]}}},"contracts\\Generator\\NFTTicketGenerator.sol":{"l":{"30":7,"31":7,"35":6,"36":6,"37":18,"38":18,"39":18,"40":18,"41":18,"43":6,"47":5,"51":110,"55":109,"56":109,"60":106,"65":103,"66":103,"71":2,"75":1,"76":1,"77":2,"78":1,"92":8},"path":"C:\\Users\\jordenyang\\Desktop\\NoobFriendlyToken\\contracts\\Generator\\NFTTicketGenerator.sol","s":{"1":7,"2":7,"3":6,"4":6,"5":18,"6":18,"7":18,"8":18,"9":18,"10":6,"11":5,"12":110,"13":109,"14":109,"15":106,"16":103,"17":103,"18":2,"19":1,"20":1,"21":2,"22":1,"23":8},"b":{"1":[6,1],"2":[5,1],"3":[109,1],"4":[106,3],"5":[103,3],"6":[1,1],"7":[1,1]},"f":{"1":8,"2":7,"3":110,"4":2,"5":3,"6":8},"fnMap":{"1":{"name":"constructor","line":24,"loc":{"start":{"line":21,"column":4},"end":{"line":25,"column":4}}},"2":{"name":"initialize","line":29,"loc":{"start":{"line":27,"column":4},"end":{"line":48,"column":4}}},"3":{"name":"mintToken","line":50,"loc":{"start":{"line":50,"column":4},"end":{"line":68,"column":4}}},"4":{"name":"tokenURI","line":70,"loc":{"start":{"line":70,"column":4},"end":{"line":81,"column":4}}},"5":{"name":"constructor","line":87,"loc":{"start":{"line":86,"column":4},"end":{"line":88,"column":5}}},"6":{"name":"_createContract","line":90,"loc":{"start":{"line":90,"column":4},"end":{"line":93,"column":4}}}},"statementMap":{"1":{"start":{"line":30,"column":8},"end":{"line":30,"column":43}},"2":{"start":{"line":31,"column":8},"end":{"line":31,"column":919}},"3":{"start":{"line":35,"column":8},"end":{"line":35,"column":29}},"4":{"start":{"line":36,"column":8},"end":{"line":36,"column":1095}},"5":{"start":{"line":37,"column":12},"end":{"line":37,"column":48}},"6":{"start":{"line":38,"column":12},"end":{"line":38,"column":43}},"7":{"start":{"line":39,"column":12},"end":{"line":39,"column":48}},"8":{"start":{"line":40,"column":12},"end":{"line":40,"column":54}},"9":{"start":{"line":41,"column":12},"end":{"line":41,"column":103}},"10":{"start":{"line":43,"column":8},"end":{"line":43,"column":1471}},"11":{"start":{"line":47,"column":8},"end":{"line":47,"column":25}},"12":{"start":{"line":51,"column":8},"end":{"line":51,"column":1697}},"13":{"start":{"line":55,"column":8},"end":{"line":55,"column":56}},"14":{"start":{"line":56,"column":8},"end":{"line":56,"column":1875}},"15":{"start":{"line":60,"column":8},"end":{"line":60,"column":2012}},"16":{"start":{"line":65,"column":8},"end":{"line":65,"column":39}},"17":{"start":{"line":66,"column":8},"end":{"line":66,"column":49}},"18":{"start":{"line":71,"column":8},"end":{"line":71,"column":2352}},"19":{"start":{"line":75,"column":8},"end":{"line":75,"column":49}},"20":{"start":{"line":76,"column":8},"end":{"line":76,"column":2522}},"21":{"start":{"line":77,"column":12},"end":{"line":77,"column":2579}},"22":{"start":{"line":78,"column":16},"end":{"line":78,"column":71}},"23":{"start":{"line":92,"column":8},"end":{"line":92,"column":51}}},"branchMap":{"1":{"line":31,"type":"if","locations":[{"start":{"line":31,"column":8},"end":{"line":31,"column":8}},{"start":{"line":31,"column":8},"end":{"line":31,"column":8}}]},"2":{"line":43,"type":"if","locations":[{"start":{"line":43,"column":8},"end":{"line":43,"column":8}},{"start":{"line":43,"column":8},"end":{"line":43,"column":8}}]},"3":{"line":51,"type":"if","locations":[{"start":{"line":51,"column":8},"end":{"line":51,"column":8}},{"start":{"line":51,"column":8},"end":{"line":51,"column":8}}]},"4":{"line":56,"type":"if","locations":[{"start":{"line":56,"column":8},"end":{"line":56,"column":8}},{"start":{"line":56,"column":8},"end":{"line":56,"column":8}}]},"5":{"line":60,"type":"if","locations":[{"start":{"line":60,"column":8},"end":{"line":60,"column":8}},{"start":{"line":60,"column":8},"end":{"line":60,"column":8}}]},"6":{"line":71,"type":"if","locations":[{"start":{"line":71,"column":8},"end":{"line":71,"column":8}},{"start":{"line":71,"column":8},"end":{"line":71,"column":8}}]},"7":{"line":77,"type":"if","locations":[{"start":{"line":77,"column":12},"end":{"line":77,"column":12}},{"start":{"line":77,"column":12},"end":{"line":77,"column":12}}]}}},"contracts\\NoobFriendlyTokenAdmin.sol":{"l":{"21":3,"22":10,"26":10,"27":28,"28":28,"29":28,"30":28,"32":46,"33":28,"34":28,"35":28,"39":28,"43":27,"45":24,"49":24,"53":1,"54":4,"58":4},"path":"C:\\Users\\jordenyang\\Desktop\\NoobFriendlyToken\\contracts\\NoobFriendlyTokenAdmin.sol","s":{"1":10,"2":10,"3":28,"4":28,"5":28,"6":28,"7":28,"8":46,"9":28,"10":28,"11":28,"12":27,"13":24,"14":24,"15":1,"16":4,"17":4,"18":3},"b":{"1":[28,0],"2":[27,0],"3":[4,0]},"f":{"1":0,"2":0,"3":10,"4":24,"5":1},"fnMap":{"1":{"name":"constructor","line":17,"loc":{"start":{"line":15,"column":4},"end":{"line":18,"column":4}}},"2":{"name":"updateGenerator","line":20,"loc":{"start":{"line":20,"column":4},"end":{"line":23,"column":4}}},"3":{"name":"genNFTContract","line":25,"loc":{"start":{"line":25,"column":4},"end":{"line":46,"column":4}}},"4":{"name":"getContractList","line":48,"loc":{"start":{"line":48,"column":4},"end":{"line":50,"column":4}}},"5":{"name":"slottingFee","line":52,"loc":{"start":{"line":52,"column":4},"end":{"line":59,"column":4}}}},"statementMap":{"1":{"start":{"line":21,"column":8},"end":{"line":21,"column":69}},"2":{"start":{"line":22,"column":8},"end":{"line":22,"column":77}},"3":{"start":{"line":26,"column":8},"end":{"line":26,"column":34}},"4":{"start":{"line":27,"column":8},"end":{"line":27,"column":48}},"5":{"start":{"line":28,"column":8},"end":{"line":28,"column":52}},"6":{"start":{"line":29,"column":8},"end":{"line":29,"column":1107}},"7":{"start":{"line":30,"column":12},"end":{"line":30,"column":78}},"8":{"start":{"line":32,"column":8},"end":{"line":32,"column":58}},"9":{"start":{"line":33,"column":8},"end":{"line":33,"column":58}},"10":{"start":{"line":34,"column":8},"end":{"line":34,"column":78}},"11":{"start":{"line":35,"column":8},"end":{"line":35,"column":1470}},"12":{"start":{"line":39,"column":8},"end":{"line":39,"column":1606}},"13":{"start":{"line":43,"column":8},"end":{"line":43,"column":111}},"14":{"start":{"line":45,"column":8},"end":{"line":45,"column":52}},"15":{"start":{"line":49,"column":8},"end":{"line":49,"column":42}},"16":{"start":{"line":53,"column":8},"end":{"line":53,"column":69}},"17":{"start":{"line":54,"column":8},"end":{"line":54,"column":2239}},"18":{"start":{"line":58,"column":8},"end":{"line":58,"column":38}}},"branchMap":{"1":{"line":35,"type":"if","locations":[{"start":{"line":35,"column":8},"end":{"line":35,"column":8}},{"start":{"line":35,"column":8},"end":{"line":35,"column":8}}]},"2":{"line":39,"type":"if","locations":[{"start":{"line":39,"column":8},"end":{"line":39,"column":8}},{"start":{"line":39,"column":8},"end":{"line":39,"column":8}}]},"3":{"line":54,"type":"if","locations":[{"start":{"line":54,"column":8},"end":{"line":54,"column":8}},{"start":{"line":54,"column":8},"end":{"line":54,"column":8}}]}}},"contracts\\NoobFriendlyTokenGenerator.sol":{"l":{"16":3,"17":9,"24":14,"25":25,"26":24,"27":24,"28":24,"29":24,"33":16,"34":1},"path":"C:\\Users\\jordenyang\\Desktop\\NoobFriendlyToken\\contracts\\NoobFriendlyTokenGenerator.sol","s":{"1":9,"2":9,"3":25,"4":24,"5":24,"6":24,"7":24,"8":24,"9":1,"10":1},"b":{"1":[25,0]},"f":{"1":3,"2":14,"3":16},"fnMap":{"1":{"name":"constructor","line":13,"loc":{"start":{"line":13,"column":4},"end":{"line":18,"column":4}}},"2":{"name":"genNFTContract","line":23,"loc":{"start":{"line":23,"column":4},"end":{"line":30,"column":4}}},"3":{"name":"changeSlottingFee","line":32,"loc":{"start":{"line":32,"column":4},"end":{"line":35,"column":4}}}},"statementMap":{"1":{"start":{"line":16,"column":8},"end":{"line":16,"column":29}},"2":{"start":{"line":17,"column":8},"end":{"line":17,"column":33}},"3":{"start":{"line":24,"column":8},"end":{"line":24,"column":41}},"4":{"start":{"line":25,"column":8},"end":{"line":25,"column":61}},"5":{"start":{"line":26,"column":8},"end":{"line":26,"column":71}},"6":{"start":{"line":27,"column":8},"end":{"line":27,"column":44}},"7":{"start":{"line":28,"column":8},"end":{"line":28,"column":92}},"8":{"start":{"line":29,"column":8},"end":{"line":29,"column":27}},"9":{"start":{"line":33,"column":8},"end":{"line":33,"column":82}},"10":{"start":{"line":34,"column":8},"end":{"line":34,"column":35}}},"branchMap":{"1":{"line":24,"type":"if","locations":[{"start":{"line":24,"column":8},"end":{"line":24,"column":8}},{"start":{"line":24,"column":8},"end":{"line":24,"column":8}}]}}},"contracts\\NoobFriendlyTokenTemplate.sol":{"l":{"50":8,"51":24,"52":24,"57":24,"58":27,"59":20,"72":13},"path":"C:\\Users\\jordenyang\\Desktop\\NoobFriendlyToken\\contracts\\NoobFriendlyTokenTemplate.sol","s":{"1":24,"2":24,"3":24,"4":28,"5":20,"6":1},"b":{"1":[27,1]},"f":{"1":8,"2":24,"3":13},"fnMap":{"1":{"name":"constructor","line":47,"loc":{"start":{"line":47,"column":4},"end":{"line":54,"column":4}}},"2":{"name":"onlyOnce","line":56,"loc":{"start":{"line":56,"column":4},"end":{"line":60,"column":4}}},"3":{"name":"getBaseSettings","line":71,"loc":{"start":{"line":71,"column":4},"end":{"line":73,"column":4}}}},"statementMap":{"1":{"start":{"line":50,"column":8},"end":{"line":50,"column":29}},"2":{"start":{"line":51,"column":8},"end":{"line":51,"column":29}},"3":{"start":{"line":52,"column":8},"end":{"line":52,"column":21}},"4":{"start":{"line":57,"column":8},"end":{"line":57,"column":39}},"5":{"start":{"line":58,"column":8},"end":{"line":58,"column":20}},"6":{"start":{"line":72,"column":8},"end":{"line":72,"column":71}}},"branchMap":{"1":{"line":57,"type":"if","locations":[{"start":{"line":57,"column":8},"end":{"line":57,"column":8}},{"start":{"line":57,"column":8},"end":{"line":57,"column":8}}]}}}}