{"contracts\\Generator\\NFTBlindBoxGenerator.sol":{"l":{"28":0,"29":0,"30":0,"31":0,"32":0,"37":0,"38":0,"39":0,"40":0,"41":0,"42":0,"48":0,"49":0,"53":0,"54":0,"55":0,"56":0,"57":0,"58":0,"60":0,"61":0,"62":0,"63":0,"64":0,"65":0,"71":0,"72":0,"75":0,"77":0,"78":0,"81":0,"82":0,"87":0,"92":0,"93":0,"94":0,"95":0,"97":0,"109":0},"path":"C:\\Users\\jordenyang\\Desktop\\NoobFriendlyToken\\contracts\\Generator\\NFTBlindBoxGenerator.sol","s":{"1":0,"2":0,"3":0,"4":0,"5":0,"6":0,"7":0,"8":0,"9":0,"10":0,"11":0,"12":0,"13":0,"14":0,"15":0,"16":0,"17":0,"18":0,"19":0,"20":0,"21":0,"22":0,"23":0,"24":0,"25":0,"26":0,"27":0,"28":0,"29":0,"30":0,"31":0,"32":0,"33":0,"34":0,"35":0,"36":0,"37":0,"38":0,"39":0},"b":{"1":[0,0],"2":[0,0],"3":[0,0],"4":[0,0],"5":[0,0],"6":[0,0],"7":[0,0],"8":[0,0],"9":[0,0],"10":[0,0],"11":[0,0],"12":[0,0],"13":[0,0],"14":[0,0]},"f":{"1":0,"2":0,"3":0,"4":0,"5":0,"6":0,"7":0,"8":0,"9":0},"fnMap":{"1":{"name":"constructor","line":20,"loc":{"start":{"line":17,"column":4},"end":{"line":21,"column":4}}},"2":{"name":"initialize","line":27,"loc":{"start":{"line":23,"column":4},"end":{"line":33,"column":4}}},"3":{"name":"reserveNFT","line":35,"loc":{"start":{"line":35,"column":4},"end":{"line":45,"column":4}}},"4":{"name":"setRevealTimestamp","line":47,"loc":{"start":{"line":47,"column":4},"end":{"line":50,"column":4}}},"5":{"name":"mintToken","line":52,"loc":{"start":{"line":52,"column":4},"end":{"line":68,"column":4}}},"6":{"name":"setStartingIndex","line":70,"loc":{"start":{"line":70,"column":4},"end":{"line":84,"column":4}}},"7":{"name":"tokenURI","line":86,"loc":{"start":{"line":86,"column":4},"end":{"line":98,"column":4}}},"8":{"name":"constructor","line":104,"loc":{"start":{"line":103,"column":4},"end":{"line":105,"column":5}}},"9":{"name":"_createContract","line":107,"loc":{"start":{"line":107,"column":4},"end":{"line":110,"column":4}}}},"statementMap":{"1":{"start":{"line":28,"column":8},"end":{"line":28,"column":33}},"2":{"start":{"line":29,"column":8},"end":{"line":29,"column":31}},"3":{"start":{"line":30,"column":8},"end":{"line":30,"column":29}},"4":{"start":{"line":31,"column":8},"end":{"line":31,"column":49}},"5":{"start":{"line":32,"column":8},"end":{"line":32,"column":25}},"6":{"start":{"line":37,"column":8},"end":{"line":37,"column":35}},"7":{"start":{"line":38,"column":8},"end":{"line":38,"column":1226}},"8":{"start":{"line":39,"column":12},"end":{"line":39,"column":1275}},"9":{"start":{"line":40,"column":16},"end":{"line":40,"column":36}},"10":{"start":{"line":41,"column":16},"end":{"line":41,"column":48}},"11":{"start":{"line":42,"column":16},"end":{"line":42,"column":51}},"12":{"start":{"line":48,"column":8},"end":{"line":48,"column":90}},"13":{"start":{"line":49,"column":8},"end":{"line":49,"column":41}},"14":{"start":{"line":53,"column":8},"end":{"line":53,"column":48}},"15":{"start":{"line":54,"column":8},"end":{"line":54,"column":76}},"16":{"start":{"line":55,"column":8},"end":{"line":55,"column":48}},"17":{"start":{"line":56,"column":8},"end":{"line":56,"column":82}},"18":{"start":{"line":57,"column":8},"end":{"line":57,"column":106}},"19":{"start":{"line":58,"column":8},"end":{"line":58,"column":94}},"20":{"start":{"line":60,"column":8},"end":{"line":60,"column":35}},"21":{"start":{"line":61,"column":8},"end":{"line":61,"column":2297}},"22":{"start":{"line":62,"column":12},"end":{"line":62,"column":2357}},"23":{"start":{"line":63,"column":16},"end":{"line":63,"column":36}},"24":{"start":{"line":64,"column":16},"end":{"line":64,"column":46}},"25":{"start":{"line":65,"column":16},"end":{"line":65,"column":51}},"26":{"start":{"line":71,"column":8},"end":{"line":71,"column":67}},"27":{"start":{"line":72,"column":8},"end":{"line":72,"column":2694}},"28":{"start":{"line":75,"column":8},"end":{"line":75,"column":70}},"29":{"start":{"line":77,"column":8},"end":{"line":77,"column":2986}},"30":{"start":{"line":78,"column":12},"end":{"line":78,"column":72}},"31":{"start":{"line":81,"column":8},"end":{"line":81,"column":3169}},"32":{"start":{"line":82,"column":12},"end":{"line":82,"column":47}},"33":{"start":{"line":87,"column":8},"end":{"line":87,"column":3359}},"34":{"start":{"line":92,"column":8},"end":{"line":92,"column":3494}},"35":{"start":{"line":93,"column":12},"end":{"line":93,"column":67}},"36":{"start":{"line":94,"column":12},"end":{"line":94,"column":53}},"37":{"start":{"line":95,"column":12},"end":{"line":95,"column":75}},"38":{"start":{"line":97,"column":8},"end":{"line":97,"column":68}},"39":{"start":{"line":109,"column":8},"end":{"line":109,"column":53}}},"branchMap":{"1":{"line":39,"type":"if","locations":[{"start":{"line":39,"column":12},"end":{"line":39,"column":12}},{"start":{"line":39,"column":12},"end":{"line":39,"column":12}}]},"2":{"line":48,"type":"if","locations":[{"start":{"line":48,"column":8},"end":{"line":48,"column":8}},{"start":{"line":48,"column":8},"end":{"line":48,"column":8}}]},"3":{"line":53,"type":"if","locations":[{"start":{"line":53,"column":8},"end":{"line":53,"column":8}},{"start":{"line":53,"column":8},"end":{"line":53,"column":8}}]},"4":{"line":55,"type":"if","locations":[{"start":{"line":55,"column":8},"end":{"line":55,"column":8}},{"start":{"line":55,"column":8},"end":{"line":55,"column":8}}]},"5":{"line":56,"type":"if","locations":[{"start":{"line":56,"column":8},"end":{"line":56,"column":8}},{"start":{"line":56,"column":8},"end":{"line":56,"column":8}}]},"6":{"line":57,"type":"if","locations":[{"start":{"line":57,"column":8},"end":{"line":57,"column":8}},{"start":{"line":57,"column":8},"end":{"line":57,"column":8}}]},"7":{"line":58,"type":"if","locations":[{"start":{"line":58,"column":8},"end":{"line":58,"column":8}},{"start":{"line":58,"column":8},"end":{"line":58,"column":8}}]},"8":{"line":62,"type":"if","locations":[{"start":{"line":62,"column":12},"end":{"line":62,"column":12}},{"start":{"line":62,"column":12},"end":{"line":62,"column":12}}]},"9":{"line":71,"type":"if","locations":[{"start":{"line":71,"column":8},"end":{"line":71,"column":8}},{"start":{"line":71,"column":8},"end":{"line":71,"column":8}}]},"10":{"line":72,"type":"if","locations":[{"start":{"line":72,"column":8},"end":{"line":72,"column":8}},{"start":{"line":72,"column":8},"end":{"line":72,"column":8}}]},"11":{"line":77,"type":"if","locations":[{"start":{"line":77,"column":8},"end":{"line":77,"column":8}},{"start":{"line":77,"column":8},"end":{"line":77,"column":8}}]},"12":{"line":81,"type":"if","locations":[{"start":{"line":81,"column":8},"end":{"line":81,"column":8}},{"start":{"line":81,"column":8},"end":{"line":81,"column":8}}]},"13":{"line":87,"type":"if","locations":[{"start":{"line":87,"column":8},"end":{"line":87,"column":8}},{"start":{"line":87,"column":8},"end":{"line":87,"column":8}}]},"14":{"line":92,"type":"if","locations":[{"start":{"line":92,"column":8},"end":{"line":92,"column":8}},{"start":{"line":92,"column":8},"end":{"line":92,"column":8}}]}}},"contracts\\Generator\\NFTGalleryGenerator.sol":{"l":{"22":0,"23":0,"27":0,"32":0,"33":0,"34":0,"35":0,"39":0,"44":0,"49":0,"61":0},"path":"C:\\Users\\jordenyang\\Desktop\\NoobFriendlyToken\\contracts\\Generator\\NFTGalleryGenerator.sol","s":{"1":0,"2":0,"3":0,"4":0,"5":0,"6":0,"7":0,"8":0,"9":0,"10":0,"11":0},"b":{"1":[0,0],"2":[0,0],"3":[0,0],"4":[0,0]},"f":{"1":0,"2":0,"3":0,"4":0,"5":0,"6":0},"fnMap":{"1":{"name":"constructor","line":15,"loc":{"start":{"line":12,"column":4},"end":{"line":16,"column":5}}},"2":{"name":"initialize","line":21,"loc":{"start":{"line":18,"column":4},"end":{"line":24,"column":4}}},"3":{"name":"mintToken","line":26,"loc":{"start":{"line":26,"column":4},"end":{"line":41,"column":4}}},"4":{"name":"tokenURI","line":43,"loc":{"start":{"line":43,"column":4},"end":{"line":50,"column":4}}},"5":{"name":"constructor","line":56,"loc":{"start":{"line":55,"column":4},"end":{"line":57,"column":5}}},"6":{"name":"_createContract","line":59,"loc":{"start":{"line":59,"column":4},"end":{"line":62,"column":4}}}},"statementMap":{"1":{"start":{"line":22,"column":8},"end":{"line":22,"column":31}},"2":{"start":{"line":23,"column":8},"end":{"line":23,"column":25}},"3":{"start":{"line":27,"column":8},"end":{"line":27,"column":810}},"4":{"start":{"line":32,"column":8},"end":{"line":32,"column":946}},"5":{"start":{"line":33,"column":12},"end":{"line":33,"column":41}},"6":{"start":{"line":34,"column":12},"end":{"line":34,"column":65}},"7":{"start":{"line":35,"column":12},"end":{"line":35,"column":1124}},"8":{"start":{"line":39,"column":12},"end":{"line":39,"column":41}},"9":{"start":{"line":44,"column":8},"end":{"line":44,"column":1393}},"10":{"start":{"line":49,"column":8},"end":{"line":49,"column":68}},"11":{"start":{"line":61,"column":8},"end":{"line":61,"column":52}}},"branchMap":{"1":{"line":27,"type":"if","locations":[{"start":{"line":27,"column":8},"end":{"line":27,"column":8}},{"start":{"line":27,"column":8},"end":{"line":27,"column":8}}]},"2":{"line":34,"type":"if","locations":[{"start":{"line":34,"column":12},"end":{"line":34,"column":12}},{"start":{"line":34,"column":12},"end":{"line":34,"column":12}}]},"3":{"line":35,"type":"if","locations":[{"start":{"line":35,"column":12},"end":{"line":35,"column":12}},{"start":{"line":35,"column":12},"end":{"line":35,"column":12}}]},"4":{"line":44,"type":"if","locations":[{"start":{"line":44,"column":8},"end":{"line":44,"column":8}},{"start":{"line":44,"column":8},"end":{"line":44,"column":8}}]}}},"contracts\\Generator\\NFTTicketGenerator.sol":{"l":{"30":0,"31":0,"35":0,"36":0,"37":0,"38":0,"39":0,"40":0,"41":0,"43":0,"47":0,"51":0,"55":0,"56":0,"60":0,"65":0,"69":0,"73":0,"74":0,"75":0,"76":0,"90":0},"path":"C:\\Users\\jordenyang\\Desktop\\NoobFriendlyToken\\contracts\\Generator\\NFTTicketGenerator.sol","s":{"1":0,"2":0,"3":0,"4":0,"5":0,"6":0,"7":0,"8":0,"9":0,"10":0,"11":0,"12":0,"13":0,"14":0,"15":0,"16":0,"17":0,"18":0,"19":0,"20":0,"21":0,"22":0},"b":{"1":[0,0],"2":[0,0],"3":[0,0],"4":[0,0],"5":[0,0],"6":[0,0],"7":[0,0]},"f":{"1":0,"2":0,"3":0,"4":0,"5":0,"6":0},"fnMap":{"1":{"name":"constructor","line":24,"loc":{"start":{"line":21,"column":4},"end":{"line":25,"column":4}}},"2":{"name":"initialize","line":29,"loc":{"start":{"line":27,"column":4},"end":{"line":48,"column":4}}},"3":{"name":"mintToken","line":50,"loc":{"start":{"line":50,"column":4},"end":{"line":66,"column":4}}},"4":{"name":"tokenURI","line":68,"loc":{"start":{"line":68,"column":4},"end":{"line":79,"column":4}}},"5":{"name":"constructor","line":85,"loc":{"start":{"line":84,"column":4},"end":{"line":86,"column":5}}},"6":{"name":"_createContract","line":88,"loc":{"start":{"line":88,"column":4},"end":{"line":91,"column":4}}}},"statementMap":{"1":{"start":{"line":30,"column":8},"end":{"line":30,"column":43}},"2":{"start":{"line":31,"column":8},"end":{"line":31,"column":919}},"3":{"start":{"line":35,"column":8},"end":{"line":35,"column":29}},"4":{"start":{"line":36,"column":8},"end":{"line":36,"column":1095}},"5":{"start":{"line":37,"column":12},"end":{"line":37,"column":48}},"6":{"start":{"line":38,"column":12},"end":{"line":38,"column":43}},"7":{"start":{"line":39,"column":12},"end":{"line":39,"column":48}},"8":{"start":{"line":40,"column":12},"end":{"line":40,"column":54}},"9":{"start":{"line":41,"column":12},"end":{"line":41,"column":103}},"10":{"start":{"line":43,"column":8},"end":{"line":43,"column":1471}},"11":{"start":{"line":47,"column":8},"end":{"line":47,"column":25}},"12":{"start":{"line":51,"column":8},"end":{"line":51,"column":1697}},"13":{"start":{"line":55,"column":8},"end":{"line":55,"column":56}},"14":{"start":{"line":56,"column":8},"end":{"line":56,"column":1875}},"15":{"start":{"line":60,"column":8},"end":{"line":60,"column":2012}},"16":{"start":{"line":65,"column":8},"end":{"line":65,"column":49}},"17":{"start":{"line":69,"column":8},"end":{"line":69,"column":2307}},"18":{"start":{"line":73,"column":8},"end":{"line":73,"column":49}},"19":{"start":{"line":74,"column":8},"end":{"line":74,"column":2477}},"20":{"start":{"line":75,"column":12},"end":{"line":75,"column":2534}},"21":{"start":{"line":76,"column":16},"end":{"line":76,"column":71}},"22":{"start":{"line":90,"column":8},"end":{"line":90,"column":51}}},"branchMap":{"1":{"line":31,"type":"if","locations":[{"start":{"line":31,"column":8},"end":{"line":31,"column":8}},{"start":{"line":31,"column":8},"end":{"line":31,"column":8}}]},"2":{"line":43,"type":"if","locations":[{"start":{"line":43,"column":8},"end":{"line":43,"column":8}},{"start":{"line":43,"column":8},"end":{"line":43,"column":8}}]},"3":{"line":51,"type":"if","locations":[{"start":{"line":51,"column":8},"end":{"line":51,"column":8}},{"start":{"line":51,"column":8},"end":{"line":51,"column":8}}]},"4":{"line":56,"type":"if","locations":[{"start":{"line":56,"column":8},"end":{"line":56,"column":8}},{"start":{"line":56,"column":8},"end":{"line":56,"column":8}}]},"5":{"line":60,"type":"if","locations":[{"start":{"line":60,"column":8},"end":{"line":60,"column":8}},{"start":{"line":60,"column":8},"end":{"line":60,"column":8}}]},"6":{"line":69,"type":"if","locations":[{"start":{"line":69,"column":8},"end":{"line":69,"column":8}},{"start":{"line":69,"column":8},"end":{"line":69,"column":8}}]},"7":{"line":75,"type":"if","locations":[{"start":{"line":75,"column":12},"end":{"line":75,"column":12}},{"start":{"line":75,"column":12},"end":{"line":75,"column":12}}]}}},"contracts\\NoobFriendlyTokenAdmin.sol":{"l":{"21":0,"22":0,"26":0,"27":0,"28":0,"29":0,"30":0,"32":0,"33":0,"34":0,"35":0,"39":0,"43":0,"45":0,"49":0,"53":0,"54":0,"58":0},"path":"C:\\Users\\jordenyang\\Desktop\\NoobFriendlyToken\\contracts\\NoobFriendlyTokenAdmin.sol","s":{"1":0,"2":0,"3":0,"4":0,"5":0,"6":0,"7":0,"8":0,"9":0,"10":0,"11":0,"12":0,"13":0,"14":0,"15":0,"16":0,"17":0,"18":0},"b":{"1":[0,0],"2":[0,0],"3":[0,0]},"f":{"1":0,"2":0,"3":0,"4":0,"5":0},"fnMap":{"1":{"name":"constructor","line":17,"loc":{"start":{"line":15,"column":4},"end":{"line":18,"column":4}}},"2":{"name":"updateGenerator","line":20,"loc":{"start":{"line":20,"column":4},"end":{"line":23,"column":4}}},"3":{"name":"genNFTContract","line":25,"loc":{"start":{"line":25,"column":4},"end":{"line":46,"column":4}}},"4":{"name":"getContractList","line":48,"loc":{"start":{"line":48,"column":4},"end":{"line":50,"column":4}}},"5":{"name":"slottingFee","line":52,"loc":{"start":{"line":52,"column":4},"end":{"line":59,"column":4}}}},"statementMap":{"1":{"start":{"line":21,"column":8},"end":{"line":21,"column":69}},"2":{"start":{"line":22,"column":8},"end":{"line":22,"column":77}},"3":{"start":{"line":26,"column":8},"end":{"line":26,"column":34}},"4":{"start":{"line":27,"column":8},"end":{"line":27,"column":48}},"5":{"start":{"line":28,"column":8},"end":{"line":28,"column":52}},"6":{"start":{"line":29,"column":8},"end":{"line":29,"column":1107}},"7":{"start":{"line":30,"column":12},"end":{"line":30,"column":78}},"8":{"start":{"line":32,"column":8},"end":{"line":32,"column":58}},"9":{"start":{"line":33,"column":8},"end":{"line":33,"column":58}},"10":{"start":{"line":34,"column":8},"end":{"line":34,"column":78}},"11":{"start":{"line":35,"column":8},"end":{"line":35,"column":1470}},"12":{"start":{"line":39,"column":8},"end":{"line":39,"column":1606}},"13":{"start":{"line":43,"column":8},"end":{"line":43,"column":111}},"14":{"start":{"line":45,"column":8},"end":{"line":45,"column":52}},"15":{"start":{"line":49,"column":8},"end":{"line":49,"column":42}},"16":{"start":{"line":53,"column":8},"end":{"line":53,"column":69}},"17":{"start":{"line":54,"column":8},"end":{"line":54,"column":2239}},"18":{"start":{"line":58,"column":8},"end":{"line":58,"column":38}}},"branchMap":{"1":{"line":35,"type":"if","locations":[{"start":{"line":35,"column":8},"end":{"line":35,"column":8}},{"start":{"line":35,"column":8},"end":{"line":35,"column":8}}]},"2":{"line":39,"type":"if","locations":[{"start":{"line":39,"column":8},"end":{"line":39,"column":8}},{"start":{"line":39,"column":8},"end":{"line":39,"column":8}}]},"3":{"line":54,"type":"if","locations":[{"start":{"line":54,"column":8},"end":{"line":54,"column":8}},{"start":{"line":54,"column":8},"end":{"line":54,"column":8}}]}}},"contracts\\NoobFriendlyTokenGenerator.sol":{"l":{"16":0,"17":0,"24":0,"25":0,"26":0,"27":0,"28":0,"29":0,"33":0,"34":0},"path":"C:\\Users\\jordenyang\\Desktop\\NoobFriendlyToken\\contracts\\NoobFriendlyTokenGenerator.sol","s":{"1":0,"2":0,"3":0,"4":0,"5":0,"6":0,"7":0,"8":0,"9":0,"10":0},"b":{"1":[0,0]},"f":{"1":0,"2":0,"3":0},"fnMap":{"1":{"name":"constructor","line":13,"loc":{"start":{"line":13,"column":4},"end":{"line":18,"column":4}}},"2":{"name":"genNFTContract","line":23,"loc":{"start":{"line":23,"column":4},"end":{"line":30,"column":4}}},"3":{"name":"changeSlottingFee","line":32,"loc":{"start":{"line":32,"column":4},"end":{"line":35,"column":4}}}},"statementMap":{"1":{"start":{"line":16,"column":8},"end":{"line":16,"column":29}},"2":{"start":{"line":17,"column":8},"end":{"line":17,"column":33}},"3":{"start":{"line":24,"column":8},"end":{"line":24,"column":41}},"4":{"start":{"line":25,"column":8},"end":{"line":25,"column":61}},"5":{"start":{"line":26,"column":8},"end":{"line":26,"column":71}},"6":{"start":{"line":27,"column":8},"end":{"line":27,"column":44}},"7":{"start":{"line":28,"column":8},"end":{"line":28,"column":92}},"8":{"start":{"line":29,"column":8},"end":{"line":29,"column":27}},"9":{"start":{"line":33,"column":8},"end":{"line":33,"column":82}},"10":{"start":{"line":34,"column":8},"end":{"line":34,"column":35}}},"branchMap":{"1":{"line":24,"type":"if","locations":[{"start":{"line":24,"column":8},"end":{"line":24,"column":8}},{"start":{"line":24,"column":8},"end":{"line":24,"column":8}}]}}},"contracts\\NoobFriendlyTokenTemplate.sol":{"l":{"50":0,"51":0,"52":0,"57":0,"58":0,"59":0,"72":0},"path":"C:\\Users\\jordenyang\\Desktop\\NoobFriendlyToken\\contracts\\NoobFriendlyTokenTemplate.sol","s":{"1":0,"2":0,"3":0,"4":0,"5":0,"6":0},"b":{"1":[0,0]},"f":{"1":0,"2":0,"3":0},"fnMap":{"1":{"name":"constructor","line":47,"loc":{"start":{"line":47,"column":4},"end":{"line":54,"column":4}}},"2":{"name":"onlyOnce","line":56,"loc":{"start":{"line":56,"column":4},"end":{"line":60,"column":4}}},"3":{"name":"getBaseSettings","line":71,"loc":{"start":{"line":71,"column":4},"end":{"line":73,"column":4}}}},"statementMap":{"1":{"start":{"line":50,"column":8},"end":{"line":50,"column":29}},"2":{"start":{"line":51,"column":8},"end":{"line":51,"column":29}},"3":{"start":{"line":52,"column":8},"end":{"line":52,"column":21}},"4":{"start":{"line":57,"column":8},"end":{"line":57,"column":39}},"5":{"start":{"line":58,"column":8},"end":{"line":58,"column":20}},"6":{"start":{"line":72,"column":8},"end":{"line":72,"column":71}}},"branchMap":{"1":{"line":57,"type":"if","locations":[{"start":{"line":57,"column":8},"end":{"line":57,"column":8}},{"start":{"line":57,"column":8},"end":{"line":57,"column":8}}]}}}}