TN:
SF:C:\Users\jordenyang\Desktop\NoobFriendlyToken\contracts\Generator\NFTBlindBoxGenerator.sol
FN:20,constructor
FN:27,initialize
FN:35,reserveNFT
FN:47,setRevealTimestamp
FN:52,mintToken
FN:70,setStartingIndex
FN:86,tokenURI
FN:104,constructor
FN:107,_createContract
FNF:9
FNH:0
FNDA:0,constructor
FNDA:0,initialize
FNDA:0,reserveNFT
FNDA:0,setRevealTimestamp
FNDA:0,mintToken
FNDA:0,setStartingIndex
FNDA:0,tokenURI
FNDA:0,constructor
FNDA:0,_createContract
DA:28,0
DA:29,0
DA:30,0
DA:31,0
DA:32,0
DA:37,0
DA:38,0
DA:39,0
DA:40,0
DA:41,0
DA:42,0
DA:48,0
DA:49,0
DA:53,0
DA:54,0
DA:55,0
DA:56,0
DA:57,0
DA:58,0
DA:60,0
DA:61,0
DA:62,0
DA:63,0
DA:64,0
DA:65,0
DA:71,0
DA:72,0
DA:75,0
DA:77,0
DA:78,0
DA:81,0
DA:82,0
DA:87,0
DA:92,0
DA:93,0
DA:94,0
DA:95,0
DA:97,0
DA:109,0
LF:39
LH:0
BRDA:39,1,0,0
BRDA:39,1,1,0
BRDA:48,2,0,0
BRDA:48,2,1,0
BRDA:53,3,0,0
BRDA:53,3,1,0
BRDA:55,4,0,0
BRDA:55,4,1,0
BRDA:56,5,0,0
BRDA:56,5,1,0
BRDA:57,6,0,0
BRDA:57,6,1,0
BRDA:58,7,0,0
BRDA:58,7,1,0
BRDA:62,8,0,0
BRDA:62,8,1,0
BRDA:71,9,0,0
BRDA:71,9,1,0
BRDA:72,10,0,0
BRDA:72,10,1,0
BRDA:77,11,0,0
BRDA:77,11,1,0
BRDA:81,12,0,0
BRDA:81,12,1,0
BRDA:87,13,0,0
BRDA:87,13,1,0
BRDA:92,14,0,0
BRDA:92,14,1,0
BRF:28
BRH:0
end_of_record
TN:
SF:C:\Users\jordenyang\Desktop\NoobFriendlyToken\contracts\Generator\NFTGalleryGenerator.sol
FN:15,constructor
FN:21,initialize
FN:26,mintToken
FN:43,tokenURI
FN:56,constructor
FN:59,_createContract
FNF:6
FNH:0
FNDA:0,constructor
FNDA:0,initialize
FNDA:0,mintToken
FNDA:0,tokenURI
FNDA:0,constructor
FNDA:0,_createContract
DA:22,0
DA:23,0
DA:27,0
DA:32,0
DA:33,0
DA:34,0
DA:35,0
DA:39,0
DA:44,0
DA:49,0
DA:61,0
LF:11
LH:0
BRDA:27,1,0,0
BRDA:27,1,1,0
BRDA:34,2,0,0
BRDA:34,2,1,0
BRDA:35,3,0,0
BRDA:35,3,1,0
BRDA:44,4,0,0
BRDA:44,4,1,0
BRF:8
BRH:0
end_of_record
TN:
SF:C:\Users\jordenyang\Desktop\NoobFriendlyToken\contracts\Generator\NFTTicketGenerator.sol
FN:24,constructor
FN:29,initialize
FN:50,mintToken
FN:68,tokenURI
FN:85,constructor
FN:88,_createContract
FNF:6
FNH:0
FNDA:0,constructor
FNDA:0,initialize
FNDA:0,mintToken
FNDA:0,tokenURI
FNDA:0,constructor
FNDA:0,_createContract
DA:30,0
DA:31,0
DA:35,0
DA:36,0
DA:37,0
DA:38,0
DA:39,0
DA:40,0
DA:41,0
DA:43,0
DA:47,0
DA:51,0
DA:55,0
DA:56,0
DA:60,0
DA:65,0
DA:69,0
DA:73,0
DA:74,0
DA:75,0
DA:76,0
DA:90,0
LF:22
LH:0
BRDA:31,1,0,0
BRDA:31,1,1,0
BRDA:43,2,0,0
BRDA:43,2,1,0
BRDA:51,3,0,0
BRDA:51,3,1,0
BRDA:56,4,0,0
BRDA:56,4,1,0
BRDA:60,5,0,0
BRDA:60,5,1,0
BRDA:69,6,0,0
BRDA:69,6,1,0
BRDA:75,7,0,0
BRDA:75,7,1,0
BRF:14
BRH:0
end_of_record
TN:
SF:C:\Users\jordenyang\Desktop\NoobFriendlyToken\contracts\NoobFriendlyTokenAdmin.sol
FN:17,constructor
FN:20,updateGenerator
FN:25,genNFTContract
FN:48,getContractList
FN:52,slottingFee
FNF:5
FNH:0
FNDA:0,constructor
FNDA:0,updateGenerator
FNDA:0,genNFTContract
FNDA:0,getContractList
FNDA:0,slottingFee
DA:21,0
DA:22,0
DA:26,0
DA:27,0
DA:28,0
DA:29,0
DA:30,0
DA:32,0
DA:33,0
DA:34,0
DA:35,0
DA:39,0
DA:43,0
DA:45,0
DA:49,0
DA:53,0
DA:54,0
DA:58,0
LF:18
LH:0
BRDA:35,1,0,0
BRDA:35,1,1,0
BRDA:39,2,0,0
BRDA:39,2,1,0
BRDA:54,3,0,0
BRDA:54,3,1,0
BRF:6
BRH:0
end_of_record
TN:
SF:C:\Users\jordenyang\Desktop\NoobFriendlyToken\contracts\NoobFriendlyTokenGenerator.sol
FN:13,constructor
FN:23,genNFTContract
FN:32,changeSlottingFee
FNF:3
FNH:0
FNDA:0,constructor
FNDA:0,genNFTContract
FNDA:0,changeSlottingFee
DA:16,0
DA:17,0
DA:24,0
DA:25,0
DA:26,0
DA:27,0
DA:28,0
DA:29,0
DA:33,0
DA:34,0
LF:10
LH:0
BRDA:24,1,0,0
BRDA:24,1,1,0
BRF:2
BRH:0
end_of_record
TN:
SF:C:\Users\jordenyang\Desktop\NoobFriendlyToken\contracts\NoobFriendlyTokenTemplate.sol
FN:47,constructor
FN:56,onlyOnce
FN:71,getBaseSettings
FNF:3
FNH:0
FNDA:0,constructor
FNDA:0,onlyOnce
FNDA:0,getBaseSettings
DA:50,0
DA:51,0
DA:52,0
DA:57,0
DA:58,0
DA:59,0
DA:72,0
LF:7
LH:0
BRDA:57,1,0,0
BRDA:57,1,1,0
BRF:2
BRH:0
end_of_record
