TN:
SF:C:\Users\jordenyang\Desktop\NoobFriendlyToken\contracts\Generator\NFTBlindBoxGenerator.sol
FN:20,constructor
FN:27,initialize
FN:35,reserveNFT
FN:47,setRevealTimestamp
FN:52,mintToken
FN:70,setStartingIndex
FN:86,tokenURI
FN:104,constructor
FN:107,_createContract
FNF:9
FNH:9
FNDA:8,constructor
FNDA:6,initialize
FNDA:1,reserveNFT
FNDA:3,setRevealTimestamp
FNDA:2,mintToken
FNDA:1,setStartingIndex
FNDA:2,tokenURI
FNDA:3,constructor
FNDA:8,_createContract
DA:28,6
DA:29,6
DA:30,6
DA:31,6
DA:32,6
DA:37,1
DA:38,1
DA:39,30
DA:40,30
DA:41,30
DA:42,30
DA:48,3
DA:49,1
DA:53,2
DA:54,2
DA:55,2
DA:56,1
DA:57,1
DA:58,1
DA:60,1
DA:61,1
DA:62,10
DA:63,10
DA:64,10
DA:65,10
DA:71,1
DA:72,1
DA:75,1
DA:77,1
DA:78,0
DA:81,1
DA:82,0
DA:87,2
DA:92,2
DA:93,1
DA:94,1
DA:95,1
DA:97,1
DA:109,8
LF:39
LH:37
BRDA:39,1,0,30
BRDA:39,1,1,0
BRDA:48,2,0,1
BRDA:48,2,1,2
BRDA:53,3,0,2
BRDA:53,3,1,0
BRDA:55,4,0,1
BRDA:55,4,1,1
BRDA:56,5,0,1
BRDA:56,5,1,0
BRDA:57,6,0,1
BRDA:57,6,1,0
BRDA:58,7,0,1
BRDA:58,7,1,0
BRDA:62,8,0,10
BRDA:62,8,1,0
BRDA:71,9,0,1
BRDA:71,9,1,0
BRDA:72,10,0,1
BRDA:72,10,1,0
BRDA:77,11,0,0
BRDA:77,11,1,1
BRDA:81,12,0,0
BRDA:81,12,1,1
BRDA:87,13,0,2
BRDA:87,13,1,0
BRDA:92,14,0,1
BRDA:92,14,1,1
BRF:28
BRH:17
end_of_record
TN:
SF:C:\Users\jordenyang\Desktop\NoobFriendlyToken\contracts\Generator\NFTGalleryGenerator.sol
FN:15,constructor
FN:21,initialize
FN:26,mintToken
FN:43,tokenURI
FN:56,constructor
FN:59,_createContract
FNF:6
FNH:6
FNDA:8,constructor
FNDA:7,initialize
FNDA:6,mintToken
FNDA:2,tokenURI
FNDA:3,constructor
FNDA:8,_createContract
DA:22,7
DA:23,7
DA:27,6
DA:32,5
DA:33,13
DA:34,13
DA:35,12
DA:39,11
DA:44,2
DA:49,1
DA:61,8
LF:11
LH:11
BRDA:27,1,0,5
BRDA:27,1,1,1
BRDA:34,2,0,12
BRDA:34,2,1,1
BRDA:35,3,0,11
BRDA:35,3,1,1
BRDA:44,4,0,1
BRDA:44,4,1,1
BRF:8
BRH:8
end_of_record
TN:
SF:C:\Users\jordenyang\Desktop\NoobFriendlyToken\contracts\Generator\NFTTicketGenerator.sol
FN:24,constructor
FN:29,initialize
FN:50,mintToken
FN:70,tokenURI
FN:87,constructor
FN:90,_createContract
FNF:6
FNH:6
FNDA:8,constructor
FNDA:7,initialize
FNDA:110,mintToken
FNDA:2,tokenURI
FNDA:3,constructor
FNDA:8,_createContract
DA:30,7
DA:31,7
DA:35,6
DA:36,6
DA:37,18
DA:38,18
DA:39,18
DA:40,18
DA:41,18
DA:43,6
DA:47,5
DA:51,110
DA:55,109
DA:56,109
DA:60,106
DA:65,103
DA:66,103
DA:71,2
DA:75,1
DA:76,1
DA:77,2
DA:78,1
DA:92,8
LF:23
LH:23
BRDA:31,1,0,6
BRDA:31,1,1,1
BRDA:43,2,0,5
BRDA:43,2,1,1
BRDA:51,3,0,109
BRDA:51,3,1,1
BRDA:56,4,0,106
BRDA:56,4,1,3
BRDA:60,5,0,103
BRDA:60,5,1,3
BRDA:71,6,0,1
BRDA:71,6,1,1
BRDA:77,7,0,1
BRDA:77,7,1,1
BRF:14
BRH:14
end_of_record
TN:
SF:C:\Users\jordenyang\Desktop\NoobFriendlyToken\contracts\NoobFriendlyTokenAdmin.sol
FN:17,constructor
FN:20,updateGenerator
FN:25,genNFTContract
FN:48,getContractList
FN:52,slottingFee
FNF:5
FNH:3
FNDA:0,constructor
FNDA:0,updateGenerator
FNDA:10,genNFTContract
FNDA:24,getContractList
FNDA:1,slottingFee
DA:21,3
DA:22,10
DA:26,10
DA:27,28
DA:28,28
DA:29,28
DA:30,28
DA:32,46
DA:33,28
DA:34,28
DA:35,28
DA:39,28
DA:43,27
DA:45,24
DA:49,24
DA:53,1
DA:54,4
DA:58,4
LF:18
LH:18
BRDA:35,1,0,28
BRDA:35,1,1,0
BRDA:39,2,0,27
BRDA:39,2,1,0
BRDA:54,3,0,4
BRDA:54,3,1,0
BRF:6
BRH:3
end_of_record
TN:
SF:C:\Users\jordenyang\Desktop\NoobFriendlyToken\contracts\NoobFriendlyTokenGenerator.sol
FN:13,constructor
FN:23,genNFTContract
FN:32,changeSlottingFee
FNF:3
FNH:3
FNDA:3,constructor
FNDA:14,genNFTContract
FNDA:16,changeSlottingFee
DA:16,3
DA:17,9
DA:24,14
DA:25,25
DA:26,24
DA:27,24
DA:28,24
DA:29,24
DA:33,16
DA:34,1
LF:10
LH:10
BRDA:24,1,0,25
BRDA:24,1,1,0
BRF:2
BRH:1
end_of_record
TN:
SF:C:\Users\jordenyang\Desktop\NoobFriendlyToken\contracts\NoobFriendlyTokenTemplate.sol
FN:47,constructor
FN:56,onlyOnce
FN:71,getBaseSettings
FNF:3
FNH:3
FNDA:8,constructor
FNDA:24,onlyOnce
FNDA:13,getBaseSettings
DA:50,8
DA:51,24
DA:52,24
DA:57,24
DA:58,27
DA:59,20
DA:72,13
LF:7
LH:7
BRDA:57,1,0,27
BRDA:57,1,1,1
BRF:2
BRH:2
end_of_record
